<?xml version="1.0" encoding="UTF-8"?>
<testsuite name="CacheTest" tests="1" skipped="0" failures="0" errors="0" timestamp="2020-05-05T00:54:31" hostname="Tristans-MacBook-Pro.local" time="0.031">
  <properties/>
  <testcase name="printCacheTest()" classname="CacheTest" time="0.031"/>
  <system-out><![CDATA[Cache{capacity=3, pairs new to old=[(1236 -> test3), (1235 -> test2), (1234 -> test1), Nil]}
]]></system-out>
  <system-err><![CDATA[]]></system-err>
</testsuite>
